# JRE version: OpenJDK Runtime Environment (21.0.9) (build 21.0.9+-14787801-b1163.94)
# Java VM: OpenJDK 64-Bit Server VM (21.0.9+-14787801-b1163.94, mixed mode, tiered, compressed oops, compressed class ptrs, g1 gc, windows-amd64)
GC Precious Log:
 CardTable entry size: 512
 Card Set container configuration: InlinePtr #cards 4 size 8 Array Of Cards #cards 32 size 80 Howl #buckets 8 coarsen threshold 7372 Howl Bitmap #cards 1024 size 144 coarsen threshold 921 Card regions per heap region 1 cards per card region 8192
 CPUs: 12 total, 12 available
 Memory: 15613M
 Large Page Support: Disabled
 NUMA Support: Disabled
 Compressed Oops: Enabled (Zero based)
 Heap Region Size: 4M
 Heap Min Capacity: 8M
 Heap Initial Capacity: 244M
 Heap Max Capacity: 8G
 Pre-touch: Disabled
 Parallel Workers: 10
 Concurrent Workers: 3
 Concurrent Refinement Workers: 10
 Periodic GC: Disabled
Heap:
 garbage-first heap   total 1032192K, used 524148K [0x0000000600000000, 0x0000000800000000)
  region size 4096K, 59 young (241664K), 7 survivors (28672K)
 Metaspace       used 225775K, committed 227904K, reserved 1310720K
  class space    used 28977K, committed 29952K, reserved 1048576K
GC Heap History (20 events):
Event: 39631.333 GC heap before
{Heap before GC invocations=162 (full 1):
 garbage-first heap   total 860160K, used 792081K [0x0000000600000000, 0x0000000800000000)
  region size 4096K, 119 young (487424K), 4 survivors (16384K)
 Metaspace       used 225569K, committed 227904K, reserved 1310720K
  class space    used 28942K, committed 29952K, reserved 1048576K
}
Event: 39631.347 GC heap after
{Heap after GC invocations=163 (full 1):
 garbage-first heap   total 860160K, used 320511K [0x0000000600000000, 0x0000000800000000)
  region size 4096K, 4 young (16384K), 4 survivors (16384K)
 Metaspace       used 225569K, committed 227904K, reserved 1310720K
  class space    used 28942K, committed 29952K, reserved 1048576K
}
Event: 39631.828 GC heap before
{Heap before GC invocations=163 (full 1):
 garbage-first heap   total 860160K, used 799743K [0x0000000600000000, 0x0000000800000000)
  region size 4096K, 123 young (503808K), 4 survivors (16384K)
 Metaspace       used 225573K, committed 227904K, reserved 1310720K
  class space    used 28942K, committed 29952K, reserved 1048576K
}
Event: 39631.840 GC heap after
{Heap after GC invocations=164 (full 1):
 garbage-first heap   total 1032192K, used 324173K [0x0000000600000000, 0x0000000800000000)
  region size 4096K, 5 young (20480K), 5 survivors (20480K)
 Metaspace       used 225573K, committed 227904K, reserved 1310720K
  class space    used 28942K, committed 29952K, reserved 1048576K
}
Event: 39632.526 GC heap before
{Heap before GC invocations=165 (full 1):
 garbage-first heap   total 1032192K, used 922189K [0x0000000600000000, 0x0000000800000000)
  region size 4096K, 151 young (618496K), 5 survivors (20480K)
 Metaspace       used 225575K, committed 227904K, reserved 1310720K
  class space    used 28942K, committed 29952K, reserved 1048576K
}
Event: 39632.547 GC heap after
{Heap after GC invocations=166 (full 1):
 garbage-first heap   total 1032192K, used 338638K [0x0000000600000000, 0x0000000800000000)
  region size 4096K, 8 young (32768K), 8 survivors (32768K)
 Metaspace       used 225575K, committed 227904K, reserved 1310720K
  class space    used 28942K, committed 29952K, reserved 1048576K
}
Event: 39633.462 GC heap before
{Heap before GC invocations=166 (full 1):
 garbage-first heap   total 1032192K, used 920270K [0x0000000600000000, 0x0000000800000000)
  region size 4096K, 151 young (618496K), 8 survivors (32768K)
 Metaspace       used 225577K, committed 227904K, reserved 1310720K
  class space    used 28942K, committed 29952K, reserved 1048576K
}
Event: 39633.493 GC heap after
{Heap after GC invocations=167 (full 1):
 garbage-first heap   total 1032192K, used 328426K [0x0000000600000000, 0x0000000800000000)
  region size 4096K, 7 young (28672K), 7 survivors (28672K)
 Metaspace       used 225577K, committed 227904K, reserved 1310720K
  class space    used 28942K, committed 29952K, reserved 1048576K
}
Event: 39634.525 GC heap before
{Heap before GC invocations=167 (full 1):
 garbage-first heap   total 1032192K, used 914154K [0x0000000600000000, 0x0000000800000000)
  region size 4096K, 151 young (618496K), 7 survivors (28672K)
 Metaspace       used 225584K, committed 227904K, reserved 1310720K
  class space    used 28942K, committed 29952K, reserved 1048576K
}
Event: 39634.545 GC heap after
{Heap after GC invocations=168 (full 1):
 garbage-first heap   total 1032192K, used 326614K [0x0000000600000000, 0x0000000800000000)
  region size 4096K, 7 young (28672K), 7 survivors (28672K)
 Metaspace       used 225584K, committed 227904K, reserved 1310720K
  class space    used 28942K, committed 29952K, reserved 1048576K
}
Event: 39636.648 GC heap before
{Heap before GC invocations=169 (full 1):
 garbage-first heap   total 1032192K, used 912342K [0x0000000600000000, 0x0000000800000000)
  region size 4096K, 151 young (618496K), 7 survivors (28672K)
 Metaspace       used 225587K, committed 227904K, reserved 1310720K
  class space    used 28942K, committed 29952K, reserved 1048576K
}
Event: 39636.671 GC heap after
{Heap after GC invocations=170 (full 1):
 garbage-first heap   total 1032192K, used 323288K [0x0000000600000000, 0x0000000800000000)
  region size 4096K, 6 young (24576K), 6 survivors (24576K)
 Metaspace       used 225587K, committed 227904K, reserved 1310720K
  class space    used 28942K, committed 29952K, reserved 1048576K
}
Event: 39639.194 GC heap before
{Heap before GC invocations=170 (full 1):
 garbage-first heap   total 1032192K, used 917208K [0x0000000600000000, 0x0000000800000000)
  region size 4096K, 151 young (618496K), 6 survivors (24576K)
 Metaspace       used 225587K, committed 227904K, reserved 1310720K
  class space    used 28942K, committed 29952K, reserved 1048576K
}
Event: 39639.236 GC heap after
{Heap after GC invocations=171 (full 1):
 garbage-first heap   total 1032192K, used 322019K [0x0000000600000000, 0x0000000800000000)
  region size 4096K, 7 young (28672K), 7 survivors (28672K)
 Metaspace       used 225587K, committed 227904K, reserved 1310720K
  class space    used 28942K, committed 29952K, reserved 1048576K
}
Event: 39641.853 GC heap before
{Heap before GC invocations=171 (full 1):
 garbage-first heap   total 1032192K, used 911843K [0x0000000600000000, 0x0000000800000000)
  region size 4096K, 151 young (618496K), 7 survivors (28672K)
 Metaspace       used 225587K, committed 227904K, reserved 1310720K
  class space    used 28942K, committed 29952K, reserved 1048576K
}
Event: 39641.878 GC heap after
{Heap after GC invocations=172 (full 1):
 garbage-first heap   total 1032192K, used 327335K [0x0000000600000000, 0x0000000800000000)
  region size 4096K, 8 young (32768K), 8 survivors (32768K)
 Metaspace       used 225587K, committed 227904K, reserved 1310720K
  class space    used 28942K, committed 29952K, reserved 1048576K
}
Event: 39646.512 GC heap before
{Heap before GC invocations=173 (full 1):
 garbage-first heap   total 1032192K, used 908967K [0x0000000600000000, 0x0000000800000000)
  region size 4096K, 151 young (618496K), 8 survivors (32768K)
 Metaspace       used 225588K, committed 227904K, reserved 1310720K
  class space    used 28942K, committed 29952K, reserved 1048576K
}
Event: 39646.538 GC heap after
{Heap after GC invocations=174 (full 1):
 garbage-first heap   total 1032192K, used 311361K [0x0000000600000000, 0x0000000800000000)
  region size 4096K, 5 young (20480K), 5 survivors (20480K)
 Metaspace       used 225588K, committed 227904K, reserved 1310720K
  class space    used 28942K, committed 29952K, reserved 1048576K
}
Event: 39651.504 GC heap before
{Heap before GC invocations=174 (full 1):
 garbage-first heap   total 1032192K, used 917569K [0x0000000600000000, 0x0000000800000000)
  region size 4096K, 151 young (618496K), 5 survivors (20480K)
 Metaspace       used 225594K, committed 227904K, reserved 1310720K
  class space    used 28942K, committed 29952K, reserved 1048576K
}
Event: 39651.534 GC heap after
{Heap after GC invocations=175 (full 1):
 garbage-first heap   total 1032192K, used 319348K [0x0000000600000000, 0x0000000800000000)
  region size 4096K, 7 young (28672K), 7 survivors (28672K)
 Metaspace       used 225594K, committed 227904K, reserved 1310720K
  class space    used 28942K, committed 29952K, reserved 1048576K
}

