# JRE version: OpenJDK Runtime Environment (21.0.9) (build 21.0.9+-14787801-b1163.94)
# Java VM: OpenJDK 64-Bit Server VM (21.0.9+-14787801-b1163.94, mixed mode, tiered, compressed oops, compressed class ptrs, g1 gc, windows-amd64)
GC Precious Log:
 CardTable entry size: 512
 Card Set container configuration: InlinePtr #cards 4 size 8 Array Of Cards #cards 32 size 80 Howl #buckets 8 coarsen threshold 7372 Howl Bitmap #cards 1024 size 144 coarsen threshold 921 Card regions per heap region 1 cards per card region 8192
 CPUs: 12 total, 12 available
 Memory: 15613M
 Large Page Support: Disabled
 NUMA Support: Disabled
 Compressed Oops: Enabled (Zero based)
 Heap Region Size: 4M
 Heap Min Capacity: 8M
 Heap Initial Capacity: 244M
 Heap Max Capacity: 8G
 Pre-touch: Disabled
 Parallel Workers: 10
 Concurrent Workers: 3
 Concurrent Refinement Workers: 10
 Periodic GC: Disabled
Heap:
 garbage-first heap   total 630784K, used 424690K [0x0000000600000000, 0x0000000800000000)
  region size 4096K, 22 young (90112K), 3 survivors (12288K)
 Metaspace       used 186459K, committed 189248K, reserved 1245184K
  class space    used 25040K, committed 26368K, reserved 1048576K
GC Heap History (20 events):
Event: 63.103 GC heap before
{Heap before GC invocations=70 (full 0):
 garbage-first heap   total 630784K, used 479488K [0x0000000600000000, 0x0000000800000000)
  region size 4096K, 28 young (114688K), 4 survivors (16384K)
 Metaspace       used 163211K, committed 165824K, reserved 1245184K
  class space    used 22744K, committed 24000K, reserved 1048576K
}
Event: 63.124 GC heap after
{Heap after GC invocations=71 (full 0):
 garbage-first heap   total 630784K, used 396358K [0x0000000600000000, 0x0000000800000000)
  region size 4096K, 3 young (12288K), 3 survivors (12288K)
 Metaspace       used 163211K, committed 165824K, reserved 1245184K
  class space    used 22744K, committed 24000K, reserved 1048576K
}
Event: 88.615 GC heap before
{Heap before GC invocations=71 (full 0):
 garbage-first heap   total 630784K, used 576582K [0x0000000600000000, 0x0000000800000000)
  region size 4096K, 42 young (172032K), 3 survivors (12288K)
 Metaspace       used 168686K, committed 171264K, reserved 1245184K
  class space    used 23342K, committed 24576K, reserved 1048576K
}
Event: 88.626 GC heap after
{Heap after GC invocations=72 (full 0):
 garbage-first heap   total 630784K, used 358567K [0x0000000600000000, 0x0000000800000000)
  region size 4096K, 1 young (4096K), 1 survivors (4096K)
 Metaspace       used 168686K, committed 171264K, reserved 1245184K
  class space    used 23342K, committed 24576K, reserved 1048576K
}
Event: 127.255 GC heap before
{Heap before GC invocations=72 (full 0):
 garbage-first heap   total 630784K, used 551079K [0x0000000600000000, 0x0000000800000000)
  region size 4096K, 49 young (200704K), 1 survivors (4096K)
 Metaspace       used 170946K, committed 173504K, reserved 1245184K
  class space    used 23511K, committed 24768K, reserved 1048576K
}
Event: 127.267 GC heap after
{Heap after GC invocations=73 (full 0):
 garbage-first heap   total 630784K, used 371280K [0x0000000600000000, 0x0000000800000000)
  region size 4096K, 4 young (16384K), 4 survivors (16384K)
 Metaspace       used 170946K, committed 173504K, reserved 1245184K
  class space    used 23511K, committed 24768K, reserved 1048576K
}
Event: 129.165 GC heap before
{Heap before GC invocations=73 (full 0):
 garbage-first heap   total 630784K, used 567888K [0x0000000600000000, 0x0000000800000000)
  region size 4096K, 52 young (212992K), 4 survivors (16384K)
 Metaspace       used 171429K, committed 174016K, reserved 1245184K
  class space    used 23517K, committed 24768K, reserved 1048576K
}
Event: 129.193 GC heap after
{Heap after GC invocations=74 (full 0):
 garbage-first heap   total 630784K, used 396705K [0x0000000600000000, 0x0000000800000000)
  region size 4096K, 7 young (28672K), 7 survivors (28672K)
 Metaspace       used 171429K, committed 174016K, reserved 1245184K
  class space    used 23517K, committed 24768K, reserved 1048576K
}
Event: 132.484 GC heap before
{Heap before GC invocations=75 (full 0):
 garbage-first heap   total 630784K, used 540065K [0x0000000600000000, 0x0000000800000000)
  region size 4096K, 49 young (200704K), 7 survivors (28672K)
 Metaspace       used 178648K, committed 181184K, reserved 1245184K
  class space    used 24431K, committed 25664K, reserved 1048576K
}
Event: 132.514 GC heap after
{Heap after GC invocations=76 (full 0):
 garbage-first heap   total 630784K, used 391589K [0x0000000600000000, 0x0000000800000000)
  region size 4096K, 5 young (20480K), 5 survivors (20480K)
 Metaspace       used 178648K, committed 181184K, reserved 1245184K
  class space    used 24431K, committed 25664K, reserved 1048576K
}
Event: 135.869 GC heap before
{Heap before GC invocations=76 (full 0):
 garbage-first heap   total 630784K, used 559525K [0x0000000600000000, 0x0000000800000000)
  region size 4096K, 47 young (192512K), 5 survivors (20480K)
 Metaspace       used 183675K, committed 186368K, reserved 1245184K
  class space    used 24972K, committed 26304K, reserved 1048576K
}
Event: 135.897 GC heap after
{Heap after GC invocations=77 (full 0):
 garbage-first heap   total 630784K, used 345769K [0x0000000600000000, 0x0000000800000000)
  region size 4096K, 4 young (16384K), 4 survivors (16384K)
 Metaspace       used 183675K, committed 186368K, reserved 1245184K
  class space    used 24972K, committed 26304K, reserved 1048576K
}
Event: 186.859 GC heap before
{Heap before GC invocations=77 (full 0):
 garbage-first heap   total 630784K, used 562857K [0x0000000600000000, 0x0000000800000000)
  region size 4096K, 57 young (233472K), 4 survivors (16384K)
 Metaspace       used 184716K, committed 187392K, reserved 1245184K
  class space    used 24993K, committed 26304K, reserved 1048576K
}
Event: 186.880 GC heap after
{Heap after GC invocations=78 (full 0):
 garbage-first heap   total 630784K, used 345486K [0x0000000600000000, 0x0000000800000000)
  region size 4096K, 5 young (20480K), 5 survivors (20480K)
 Metaspace       used 184716K, committed 187392K, reserved 1245184K
  class space    used 24993K, committed 26304K, reserved 1048576K
}
Event: 189.650 GC heap before
{Heap before GC invocations=78 (full 0):
 garbage-first heap   total 630784K, used 574862K [0x0000000600000000, 0x0000000800000000)
  region size 4096K, 61 young (249856K), 5 survivors (20480K)
 Metaspace       used 185009K, committed 187712K, reserved 1245184K
  class space    used 24997K, committed 26304K, reserved 1048576K
}
Event: 189.679 GC heap after
{Heap after GC invocations=79 (full 0):
 garbage-first heap   total 630784K, used 368241K [0x0000000600000000, 0x0000000800000000)
  region size 4096K, 8 young (32768K), 8 survivors (32768K)
 Metaspace       used 185009K, committed 187712K, reserved 1245184K
  class space    used 24997K, committed 26304K, reserved 1048576K
}
Event: 193.074 GC heap before
{Heap before GC invocations=80 (full 0):
 garbage-first heap   total 630784K, used 564849K [0x0000000600000000, 0x0000000800000000)
  region size 4096K, 57 young (233472K), 8 survivors (32768K)
 Metaspace       used 185420K, committed 188096K, reserved 1245184K
  class space    used 25001K, committed 26304K, reserved 1048576K
}
Event: 193.109 GC heap after
{Heap after GC invocations=81 (full 0):
 garbage-first heap   total 630784K, used 391344K [0x0000000600000000, 0x0000000800000000)
  region size 4096K, 6 young (24576K), 6 survivors (24576K)
 Metaspace       used 185420K, committed 188096K, reserved 1245184K
  class space    used 25001K, committed 26304K, reserved 1048576K
}
Event: 195.587 GC heap before
{Heap before GC invocations=81 (full 0):
 garbage-first heap   total 630784K, used 567472K [0x0000000600000000, 0x0000000800000000)
  region size 4096K, 50 young (204800K), 6 survivors (24576K)
 Metaspace       used 186351K, committed 189056K, reserved 1245184K
  class space    used 25038K, committed 26368K, reserved 1048576K
}
Event: 195.614 GC heap after
{Heap after GC invocations=82 (full 0):
 garbage-first heap   total 630784K, used 350962K [0x0000000600000000, 0x0000000800000000)
  region size 4096K, 3 young (12288K), 3 survivors (12288K)
 Metaspace       used 186351K, committed 189056K, reserved 1245184K
  class space    used 25038K, committed 26368K, reserved 1048576K
}

