# JRE version: OpenJDK Runtime Environment (21.0.9) (build 21.0.9+-14787801-b1163.94)
# Java VM: OpenJDK 64-Bit Server VM (21.0.9+-14787801-b1163.94, mixed mode, tiered, compressed oops, compressed class ptrs, g1 gc, windows-amd64)
GC Precious Log:
 CardTable entry size: 512
 Card Set container configuration: InlinePtr #cards 4 size 8 Array Of Cards #cards 32 size 80 Howl #buckets 8 coarsen threshold 7372 Howl Bitmap #cards 1024 size 144 coarsen threshold 921 Card regions per heap region 1 cards per card region 8192
 CPUs: 12 total, 12 available
 Memory: 15613M
 Large Page Support: Disabled
 NUMA Support: Disabled
 Compressed Oops: Enabled (Zero based)
 Heap Region Size: 4M
 Heap Min Capacity: 8M
 Heap Initial Capacity: 244M
 Heap Max Capacity: 8G
 Pre-touch: Disabled
 Parallel Workers: 10
 Concurrent Workers: 3
 Concurrent Refinement Workers: 10
 Periodic GC: Disabled
Heap:
 garbage-first heap   total 602112K, used 462831K [0x0000000600000000, 0x0000000800000000)
  region size 4096K, 23 young (94208K), 4 survivors (16384K)
 Metaspace       used 204775K, committed 207552K, reserved 1245184K
  class space    used 27664K, committed 28992K, reserved 1048576K
GC Heap History (20 events):
Event: 179.077 GC heap before
{Heap before GC invocations=90 (full 0):
 garbage-first heap   total 430080K, used 389191K [0x0000000600000000, 0x0000000800000000)
  region size 4096K, 34 young (139264K), 1 survivors (4096K)
 Metaspace       used 170543K, committed 173312K, reserved 1245184K
  class space    used 22985K, committed 24256K, reserved 1048576K
}
Event: 179.081 GC heap after
{Heap after GC invocations=91 (full 0):
 garbage-first heap   total 430080K, used 254303K [0x0000000600000000, 0x0000000800000000)
  region size 4096K, 1 young (4096K), 1 survivors (4096K)
 Metaspace       used 170543K, committed 173312K, reserved 1245184K
  class space    used 22985K, committed 24256K, reserved 1048576K
}
Event: 181.832 GC heap before
{Heap before GC invocations=91 (full 0):
 garbage-first heap   total 430080K, used 401759K [0x0000000600000000, 0x0000000800000000)
  region size 4096K, 37 young (151552K), 1 survivors (4096K)
 Metaspace       used 178078K, committed 180672K, reserved 1245184K
  class space    used 23857K, committed 25088K, reserved 1048576K
}
Event: 181.850 GC heap after
{Heap after GC invocations=92 (full 0):
 garbage-first heap   total 434176K, used 270628K [0x0000000600000000, 0x0000000800000000)
  region size 4096K, 5 young (20480K), 5 survivors (20480K)
 Metaspace       used 178078K, committed 180672K, reserved 1245184K
  class space    used 23857K, committed 25088K, reserved 1048576K
}
Event: 182.339 GC heap before
{Heap before GC invocations=92 (full 0):
 garbage-first heap   total 434176K, used 397604K [0x0000000600000000, 0x0000000800000000)
  region size 4096K, 37 young (151552K), 5 survivors (20480K)
 Metaspace       used 181277K, committed 183872K, reserved 1245184K
  class space    used 24168K, committed 25408K, reserved 1048576K
}
Event: 182.351 GC heap after
{Heap after GC invocations=93 (full 0):
 garbage-first heap   total 434176K, used 275965K [0x0000000600000000, 0x0000000800000000)
  region size 4096K, 2 young (8192K), 2 survivors (8192K)
 Metaspace       used 181277K, committed 183872K, reserved 1245184K
  class space    used 24168K, committed 25408K, reserved 1048576K
}
Event: 182.829 GC heap before
{Heap before GC invocations=94 (full 0):
 garbage-first heap   total 466944K, used 402941K [0x0000000600000000, 0x0000000800000000)
  region size 4096K, 33 young (135168K), 2 survivors (8192K)
 Metaspace       used 181141K, committed 183808K, reserved 1245184K
  class space    used 24145K, committed 25408K, reserved 1048576K
}
Event: 182.834 GC heap after
{Heap after GC invocations=95 (full 0):
 garbage-first heap   total 466944K, used 274211K [0x0000000600000000, 0x0000000800000000)
  region size 4096K, 1 young (4096K), 1 survivors (4096K)
 Metaspace       used 181141K, committed 183808K, reserved 1245184K
  class space    used 24145K, committed 25408K, reserved 1048576K
}
Event: 183.165 GC heap before
{Heap before GC invocations=95 (full 0):
 garbage-first heap   total 466944K, used 438051K [0x0000000600000000, 0x0000000800000000)
  region size 4096K, 41 young (167936K), 1 survivors (4096K)
 Metaspace       used 181232K, committed 183872K, reserved 1245184K
  class space    used 24147K, committed 25408K, reserved 1048576K
}
Event: 183.175 GC heap after
{Heap after GC invocations=96 (full 0):
 garbage-first heap   total 466944K, used 274884K [0x0000000600000000, 0x0000000800000000)
  region size 4096K, 2 young (8192K), 2 survivors (8192K)
 Metaspace       used 181232K, committed 183872K, reserved 1245184K
  class space    used 24147K, committed 25408K, reserved 1048576K
}
Event: 185.446 GC heap before
{Heap before GC invocations=96 (full 0):
 garbage-first heap   total 466944K, used 430532K [0x0000000600000000, 0x0000000800000000)
  region size 4096K, 41 young (167936K), 2 survivors (8192K)
 Metaspace       used 182625K, committed 185344K, reserved 1245184K
  class space    used 24212K, committed 25536K, reserved 1048576K
}
Event: 185.454 GC heap after
{Heap after GC invocations=97 (full 0):
 garbage-first heap   total 466944K, used 281367K [0x0000000600000000, 0x0000000800000000)
  region size 4096K, 3 young (12288K), 3 survivors (12288K)
 Metaspace       used 182625K, committed 185344K, reserved 1245184K
  class space    used 24212K, committed 25536K, reserved 1048576K
}
Event: 188.366 GC heap before
{Heap before GC invocations=98 (full 0):
 garbage-first heap   total 471040K, used 432919K [0x0000000600000000, 0x0000000800000000)
  region size 4096K, 42 young (172032K), 3 survivors (12288K)
 Metaspace       used 187439K, committed 190144K, reserved 1245184K
  class space    used 24909K, committed 26240K, reserved 1048576K
}
Event: 188.380 GC heap after
{Heap after GC invocations=99 (full 0):
 garbage-first heap   total 471040K, used 280316K [0x0000000600000000, 0x0000000800000000)
  region size 4096K, 3 young (12288K), 3 survivors (12288K)
 Metaspace       used 187439K, committed 190144K, reserved 1245184K
  class space    used 24909K, committed 26240K, reserved 1048576K
}
Event: 190.310 GC heap before
{Heap before GC invocations=99 (full 0):
 garbage-first heap   total 471040K, used 448252K [0x0000000600000000, 0x0000000800000000)
  region size 4096K, 42 young (172032K), 3 survivors (12288K)
 Metaspace       used 198398K, committed 201216K, reserved 1245184K
  class space    used 26747K, committed 28096K, reserved 1048576K
}
Event: 190.332 GC heap after
{Heap after GC invocations=100 (full 0):
 garbage-first heap   total 503808K, used 318918K [0x0000000600000000, 0x0000000800000000)
  region size 4096K, 6 young (24576K), 6 survivors (24576K)
 Metaspace       used 198398K, committed 201216K, reserved 1245184K
  class space    used 26747K, committed 28096K, reserved 1048576K
}
Event: 191.273 GC heap before
{Heap before GC invocations=100 (full 0):
 garbage-first heap   total 503808K, used 454086K [0x0000000600000000, 0x0000000800000000)
  region size 4096K, 39 young (159744K), 6 survivors (24576K)
 Metaspace       used 203116K, committed 205888K, reserved 1245184K
  class space    used 27528K, committed 28864K, reserved 1048576K
}
Event: 191.319 GC heap after
{Heap after GC invocations=101 (full 0):
 garbage-first heap   total 520192K, used 357572K [0x0000000600000000, 0x0000000800000000)
  region size 4096K, 5 young (20480K), 5 survivors (20480K)
 Metaspace       used 203116K, committed 205888K, reserved 1245184K
  class space    used 27528K, committed 28864K, reserved 1048576K
}
Event: 192.775 GC heap before
{Heap before GC invocations=102 (full 0):
 garbage-first heap   total 602112K, used 459972K [0x0000000600000000, 0x0000000800000000)
  region size 4096K, 31 young (126976K), 5 survivors (20480K)
 Metaspace       used 204432K, committed 207232K, reserved 1245184K
  class space    used 27655K, committed 28992K, reserved 1048576K
}
Event: 192.814 GC heap after
{Heap after GC invocations=103 (full 0):
 garbage-first heap   total 602112K, used 389103K [0x0000000600000000, 0x0000000800000000)
  region size 4096K, 4 young (16384K), 4 survivors (16384K)
 Metaspace       used 204432K, committed 207232K, reserved 1245184K
  class space    used 27655K, committed 28992K, reserved 1048576K
}

